

Started GET "/" for 127.0.0.1 at 2013-05-30 17:28:59 +0200
Processing by Rails::WelcomeController#index as HTML
  Rendered /Users/carstenbokemeyer/.rvm/gems/ruby-2.0.0-p195/gems/railties-4.0.0.rc1/lib/rails/templates/rails/welcome/index.html.erb (2.4ms)
Completed 200 OK in 12ms (Views: 11.5ms | ActiveRecord: 0.0ms)


Started GET "/rails/info/properties" for 127.0.0.1 at 2013-05-30 17:29:11 +0200
Processing by Rails::InfoController#properties as */*
  Rendered /Users/carstenbokemeyer/.rvm/gems/ruby-2.0.0-p195/gems/railties-4.0.0.rc1/lib/rails/templates/rails/info/properties.html.erb (0.5ms)
Completed 200 OK in 15ms (Views: 10.2ms | ActiveRecord: 0.6ms)


Started GET "/" for 127.0.0.1 at 2013-05-30 17:41:06 +0200
Processing by Rails::WelcomeController#index as HTML
  Rendered /Users/carstenbokemeyer/.rvm/gems/ruby-2.0.0-p195/gems/railties-4.0.0.rc1/lib/rails/templates/rails/welcome/index.html.erb (6.3ms)
Completed 200 OK in 17ms (Views: 16.7ms | ActiveRecord: 0.0ms)


Started GET "/" for 127.0.0.1 at 2013-05-30 18:02:39 +0200
Processing by Rails::WelcomeController#index as HTML
  Rendered /Users/carstenbokemeyer/.rvm/gems/ruby-2.0.0-p195/gems/railties-4.0.0.rc1/lib/rails/templates/rails/welcome/index.html.erb (2.4ms)
Completed 200 OK in 11ms (Views: 9.8ms | ActiveRecord: 0.0ms)


Started GET "/" for 127.0.0.1 at 2013-05-30 18:02:41 +0200
Processing by Rails::WelcomeController#index as HTML
  Rendered /Users/carstenbokemeyer/.rvm/gems/ruby-2.0.0-p195/gems/railties-4.0.0.rc1/lib/rails/templates/rails/welcome/index.html.erb (0.1ms)
Completed 200 OK in 3ms (Views: 2.6ms | ActiveRecord: 0.0ms)


Started GET "/" for 127.0.0.1 at 2013-05-30 18:12:40 +0200

ActionController::RoutingError - uninitialized constant PagesController:
  activesupport (4.0.0.rc1) lib/active_support/inflector/methods.rb:226:in `const_get'
  activesupport (4.0.0.rc1) lib/active_support/inflector/methods.rb:226:in `block in constantize'
  activesupport (4.0.0.rc1) lib/active_support/inflector/methods.rb:224:in `each'
  activesupport (4.0.0.rc1) lib/active_support/inflector/methods.rb:224:in `inject'
  activesupport (4.0.0.rc1) lib/active_support/inflector/methods.rb:224:in `constantize'
  actionpack (4.0.0.rc1) lib/action_dispatch/routing/route_set.rb:76:in `controller_reference'
  actionpack (4.0.0.rc1) lib/action_dispatch/routing/route_set.rb:66:in `controller'
  actionpack (4.0.0.rc1) lib/action_dispatch/routing/route_set.rb:44:in `call'
  actionpack (4.0.0.rc1) lib/action_dispatch/journey/router.rb:71:in `block in call'
  actionpack (4.0.0.rc1) lib/action_dispatch/journey/router.rb:59:in `each'
  actionpack (4.0.0.rc1) lib/action_dispatch/journey/router.rb:59:in `call'
  actionpack (4.0.0.rc1) lib/action_dispatch/routing/route_set.rb:654:in `call'
  rack (1.5.2) lib/rack/etag.rb:23:in `call'
  rack (1.5.2) lib/rack/conditionalget.rb:25:in `call'
  rack (1.5.2) lib/rack/head.rb:11:in `call'
  actionpack (4.0.0.rc1) lib/action_dispatch/middleware/params_parser.rb:27:in `call'
  actionpack (4.0.0.rc1) lib/action_dispatch/middleware/flash.rb:241:in `call'
  rack (1.5.2) lib/rack/session/abstract/id.rb:225:in `context'
  rack (1.5.2) lib/rack/session/abstract/id.rb:220:in `call'
  actionpack (4.0.0.rc1) lib/action_dispatch/middleware/cookies.rb:486:in `call'
  activerecord (4.0.0.rc1) lib/active_record/query_cache.rb:36:in `call'
  activerecord (4.0.0.rc1) lib/active_record/connection_adapters/abstract/connection_pool.rb:626:in `call'
  activerecord (4.0.0.rc1) lib/active_record/migration.rb:366:in `call'
  actionpack (4.0.0.rc1) lib/action_dispatch/middleware/callbacks.rb:29:in `block in call'
  activesupport (4.0.0.rc1) lib/active_support/callbacks.rb:392:in `_run__1658540880895400892__call__callbacks'
  activesupport (4.0.0.rc1) lib/active_support/callbacks.rb:80:in `run_callbacks'
  actionpack (4.0.0.rc1) lib/action_dispatch/middleware/callbacks.rb:27:in `call'
  actionpack (4.0.0.rc1) lib/action_dispatch/middleware/reloader.rb:64:in `call'
  actionpack (4.0.0.rc1) lib/action_dispatch/middleware/remote_ip.rb:76:in `call'
  better_errors (0.9.0) lib/better_errors/middleware.rb:84:in `protected_app_call'
  better_errors (0.9.0) lib/better_errors/middleware.rb:79:in `better_errors_call'
  better_errors (0.9.0) lib/better_errors/middleware.rb:56:in `call'
  actionpack (4.0.0.rc1) lib/action_dispatch/middleware/debug_exceptions.rb:17:in `call'
  actionpack (4.0.0.rc1) lib/action_dispatch/middleware/show_exceptions.rb:30:in `call'
  railties (4.0.0.rc1) lib/rails/rack/logger.rb:38:in `call_app'
  railties (4.0.0.rc1) lib/rails/rack/logger.rb:21:in `block in call'
  activesupport (4.0.0.rc1) lib/active_support/tagged_logging.rb:67:in `block in tagged'
  activesupport (4.0.0.rc1) lib/active_support/tagged_logging.rb:25:in `tagged'
  activesupport (4.0.0.rc1) lib/active_support/tagged_logging.rb:67:in `tagged'
  railties (4.0.0.rc1) lib/rails/rack/logger.rb:21:in `call'
  actionpack (4.0.0.rc1) lib/action_dispatch/middleware/request_id.rb:21:in `call'
  rack (1.5.2) lib/rack/methodoverride.rb:21:in `call'
  rack (1.5.2) lib/rack/runtime.rb:17:in `call'
  activesupport (4.0.0.rc1) lib/active_support/cache/strategy/local_cache.rb:83:in `call'
  rack (1.5.2) lib/rack/lock.rb:17:in `call'
  actionpack (4.0.0.rc1) lib/action_dispatch/middleware/static.rb:64:in `call'
  railties (4.0.0.rc1) lib/rails/engine.rb:511:in `call'
  railties (4.0.0.rc1) lib/rails/application.rb:96:in `call'
  rack (1.5.2) lib/rack/lock.rb:17:in `call'
  rack (1.5.2) lib/rack/content_length.rb:14:in `call'
  rack (1.5.2) lib/rack/handler/webrick.rb:60:in `service'
  /Users/carstenbokemeyer/.rvm/rubies/ruby-2.0.0-p195/lib/ruby/2.0.0/webrick/httpserver.rb:138:in `service'
  /Users/carstenbokemeyer/.rvm/rubies/ruby-2.0.0-p195/lib/ruby/2.0.0/webrick/httpserver.rb:94:in `run'
  /Users/carstenbokemeyer/.rvm/rubies/ruby-2.0.0-p195/lib/ruby/2.0.0/webrick/server.rb:295:in `block in start_thread'



Started POST "/__better_errors/70304043357560/variables" for 127.0.0.1 at 2013-05-30 18:12:40 +0200


Started GET "/" for 127.0.0.1 at 2013-05-30 18:13:22 +0200

LoadError - Unable to autoload constant PagesController, expected /Users/carstenbokemeyer/code/NerdCounter/app/controllers/pages_controller.rb to define it:
  activesupport (4.0.0.rc1) lib/active_support/dependencies.rb:463:in `load_missing_constant'
  activesupport (4.0.0.rc1) lib/active_support/dependencies.rb:183:in `const_missing'
  activesupport (4.0.0.rc1) lib/active_support/inflector/methods.rb:226:in `const_get'
  activesupport (4.0.0.rc1) lib/active_support/inflector/methods.rb:226:in `block in constantize'
  activesupport (4.0.0.rc1) lib/active_support/inflector/methods.rb:224:in `each'
  activesupport (4.0.0.rc1) lib/active_support/inflector/methods.rb:224:in `inject'
  activesupport (4.0.0.rc1) lib/active_support/inflector/methods.rb:224:in `constantize'
  activesupport (4.0.0.rc1) lib/active_support/dependencies.rb:534:in `get'
  activesupport (4.0.0.rc1) lib/active_support/dependencies.rb:565:in `constantize'
  actionpack (4.0.0.rc1) lib/action_dispatch/routing/route_set.rb:76:in `controller_reference'
  actionpack (4.0.0.rc1) lib/action_dispatch/routing/route_set.rb:66:in `controller'
  actionpack (4.0.0.rc1) lib/action_dispatch/routing/route_set.rb:44:in `call'
  actionpack (4.0.0.rc1) lib/action_dispatch/journey/router.rb:71:in `block in call'
  actionpack (4.0.0.rc1) lib/action_dispatch/journey/router.rb:59:in `each'
  actionpack (4.0.0.rc1) lib/action_dispatch/journey/router.rb:59:in `call'
  actionpack (4.0.0.rc1) lib/action_dispatch/routing/route_set.rb:654:in `call'
  rack (1.5.2) lib/rack/etag.rb:23:in `call'
  rack (1.5.2) lib/rack/conditionalget.rb:25:in `call'
  rack (1.5.2) lib/rack/head.rb:11:in `call'
  actionpack (4.0.0.rc1) lib/action_dispatch/middleware/params_parser.rb:27:in `call'
  actionpack (4.0.0.rc1) lib/action_dispatch/middleware/flash.rb:241:in `call'
  rack (1.5.2) lib/rack/session/abstract/id.rb:225:in `context'
  rack (1.5.2) lib/rack/session/abstract/id.rb:220:in `call'
  actionpack (4.0.0.rc1) lib/action_dispatch/middleware/cookies.rb:486:in `call'
  activerecord (4.0.0.rc1) lib/active_record/query_cache.rb:36:in `call'
  activerecord (4.0.0.rc1) lib/active_record/connection_adapters/abstract/connection_pool.rb:626:in `call'
  activerecord (4.0.0.rc1) lib/active_record/migration.rb:366:in `call'
  actionpack (4.0.0.rc1) lib/action_dispatch/middleware/callbacks.rb:29:in `block in call'
  activesupport (4.0.0.rc1) lib/active_support/callbacks.rb:392:in `_run__1658540880895400892__call__callbacks'
  activesupport (4.0.0.rc1) lib/active_support/callbacks.rb:80:in `run_callbacks'
  actionpack (4.0.0.rc1) lib/action_dispatch/middleware/callbacks.rb:27:in `call'
  actionpack (4.0.0.rc1) lib/action_dispatch/middleware/reloader.rb:64:in `call'
  actionpack (4.0.0.rc1) lib/action_dispatch/middleware/remote_ip.rb:76:in `call'
  better_errors (0.9.0) lib/better_errors/middleware.rb:84:in `protected_app_call'
  better_errors (0.9.0) lib/better_errors/middleware.rb:79:in `better_errors_call'
  better_errors (0.9.0) lib/better_errors/middleware.rb:56:in `call'
  actionpack (4.0.0.rc1) lib/action_dispatch/middleware/debug_exceptions.rb:17:in `call'
  actionpack (4.0.0.rc1) lib/action_dispatch/middleware/show_exceptions.rb:30:in `call'
  railties (4.0.0.rc1) lib/rails/rack/logger.rb:38:in `call_app'
  railties (4.0.0.rc1) lib/rails/rack/logger.rb:21:in `block in call'
  activesupport (4.0.0.rc1) lib/active_support/tagged_logging.rb:67:in `block in tagged'
  activesupport (4.0.0.rc1) lib/active_support/tagged_logging.rb:25:in `tagged'
  activesupport (4.0.0.rc1) lib/active_support/tagged_logging.rb:67:in `tagged'
  railties (4.0.0.rc1) lib/rails/rack/logger.rb:21:in `call'
  actionpack (4.0.0.rc1) lib/action_dispatch/middleware/request_id.rb:21:in `call'
  rack (1.5.2) lib/rack/methodoverride.rb:21:in `call'
  rack (1.5.2) lib/rack/runtime.rb:17:in `call'
  activesupport (4.0.0.rc1) lib/active_support/cache/strategy/local_cache.rb:83:in `call'
  rack (1.5.2) lib/rack/lock.rb:17:in `call'
  actionpack (4.0.0.rc1) lib/action_dispatch/middleware/static.rb:64:in `call'
  railties (4.0.0.rc1) lib/rails/engine.rb:511:in `call'
  railties (4.0.0.rc1) lib/rails/application.rb:96:in `call'
  rack (1.5.2) lib/rack/lock.rb:17:in `call'
  rack (1.5.2) lib/rack/content_length.rb:14:in `call'
  rack (1.5.2) lib/rack/handler/webrick.rb:60:in `service'
  /Users/carstenbokemeyer/.rvm/rubies/ruby-2.0.0-p195/lib/ruby/2.0.0/webrick/httpserver.rb:138:in `service'
  /Users/carstenbokemeyer/.rvm/rubies/ruby-2.0.0-p195/lib/ruby/2.0.0/webrick/httpserver.rb:94:in `run'
  /Users/carstenbokemeyer/.rvm/rubies/ruby-2.0.0-p195/lib/ruby/2.0.0/webrick/server.rb:295:in `block in start_thread'



Started POST "/__better_errors/70304033867100/variables" for 127.0.0.1 at 2013-05-30 18:13:22 +0200


Started GET "/" for 127.0.0.1 at 2013-05-30 18:14:04 +0200

AbstractController::ActionNotFound - The action 'index' could not be found for PagesController:
  actionpack (4.0.0.rc1) lib/abstract_controller/base.rb:131:in `process'
  actionpack (4.0.0.rc1) lib/abstract_controller/rendering.rb:44:in `process'
  actionpack (4.0.0.rc1) lib/action_controller/metal.rb:195:in `dispatch'
  actionpack (4.0.0.rc1) lib/action_controller/metal/rack_delegation.rb:13:in `dispatch'
  actionpack (4.0.0.rc1) lib/action_controller/metal.rb:231:in `block in action'
  actionpack (4.0.0.rc1) lib/action_dispatch/routing/route_set.rb:80:in `call'
  actionpack (4.0.0.rc1) lib/action_dispatch/routing/route_set.rb:80:in `dispatch'
  actionpack (4.0.0.rc1) lib/action_dispatch/routing/route_set.rb:48:in `call'
  actionpack (4.0.0.rc1) lib/action_dispatch/journey/router.rb:71:in `block in call'
  actionpack (4.0.0.rc1) lib/action_dispatch/journey/router.rb:59:in `each'
  actionpack (4.0.0.rc1) lib/action_dispatch/journey/router.rb:59:in `call'
  actionpack (4.0.0.rc1) lib/action_dispatch/routing/route_set.rb:654:in `call'
  rack (1.5.2) lib/rack/etag.rb:23:in `call'
  rack (1.5.2) lib/rack/conditionalget.rb:25:in `call'
  rack (1.5.2) lib/rack/head.rb:11:in `call'
  actionpack (4.0.0.rc1) lib/action_dispatch/middleware/params_parser.rb:27:in `call'
  actionpack (4.0.0.rc1) lib/action_dispatch/middleware/flash.rb:241:in `call'
  rack (1.5.2) lib/rack/session/abstract/id.rb:225:in `context'
  rack (1.5.2) lib/rack/session/abstract/id.rb:220:in `call'
  actionpack (4.0.0.rc1) lib/action_dispatch/middleware/cookies.rb:486:in `call'
  activerecord (4.0.0.rc1) lib/active_record/query_cache.rb:36:in `call'
  activerecord (4.0.0.rc1) lib/active_record/connection_adapters/abstract/connection_pool.rb:626:in `call'
  activerecord (4.0.0.rc1) lib/active_record/migration.rb:366:in `call'
  actionpack (4.0.0.rc1) lib/action_dispatch/middleware/callbacks.rb:29:in `block in call'
  activesupport (4.0.0.rc1) lib/active_support/callbacks.rb:392:in `_run__1658540880895400892__call__callbacks'
  activesupport (4.0.0.rc1) lib/active_support/callbacks.rb:80:in `run_callbacks'
  actionpack (4.0.0.rc1) lib/action_dispatch/middleware/callbacks.rb:27:in `call'
  actionpack (4.0.0.rc1) lib/action_dispatch/middleware/reloader.rb:64:in `call'
  actionpack (4.0.0.rc1) lib/action_dispatch/middleware/remote_ip.rb:76:in `call'
  better_errors (0.9.0) lib/better_errors/middleware.rb:84:in `protected_app_call'
  better_errors (0.9.0) lib/better_errors/middleware.rb:79:in `better_errors_call'
  better_errors (0.9.0) lib/better_errors/middleware.rb:56:in `call'
  actionpack (4.0.0.rc1) lib/action_dispatch/middleware/debug_exceptions.rb:17:in `call'
  actionpack (4.0.0.rc1) lib/action_dispatch/middleware/show_exceptions.rb:30:in `call'
  railties (4.0.0.rc1) lib/rails/rack/logger.rb:38:in `call_app'
  railties (4.0.0.rc1) lib/rails/rack/logger.rb:21:in `block in call'
  activesupport (4.0.0.rc1) lib/active_support/tagged_logging.rb:67:in `block in tagged'
  activesupport (4.0.0.rc1) lib/active_support/tagged_logging.rb:25:in `tagged'
  activesupport (4.0.0.rc1) lib/active_support/tagged_logging.rb:67:in `tagged'
  railties (4.0.0.rc1) lib/rails/rack/logger.rb:21:in `call'
  actionpack (4.0.0.rc1) lib/action_dispatch/middleware/request_id.rb:21:in `call'
  rack (1.5.2) lib/rack/methodoverride.rb:21:in `call'
  rack (1.5.2) lib/rack/runtime.rb:17:in `call'
  activesupport (4.0.0.rc1) lib/active_support/cache/strategy/local_cache.rb:83:in `call'
  rack (1.5.2) lib/rack/lock.rb:17:in `call'
  actionpack (4.0.0.rc1) lib/action_dispatch/middleware/static.rb:64:in `call'
  railties (4.0.0.rc1) lib/rails/engine.rb:511:in `call'
  railties (4.0.0.rc1) lib/rails/application.rb:96:in `call'
  rack (1.5.2) lib/rack/lock.rb:17:in `call'
  rack (1.5.2) lib/rack/content_length.rb:14:in `call'
  rack (1.5.2) lib/rack/handler/webrick.rb:60:in `service'
  /Users/carstenbokemeyer/.rvm/rubies/ruby-2.0.0-p195/lib/ruby/2.0.0/webrick/httpserver.rb:138:in `service'
  /Users/carstenbokemeyer/.rvm/rubies/ruby-2.0.0-p195/lib/ruby/2.0.0/webrick/httpserver.rb:94:in `run'
  /Users/carstenbokemeyer/.rvm/rubies/ruby-2.0.0-p195/lib/ruby/2.0.0/webrick/server.rb:295:in `block in start_thread'



Started POST "/__better_errors/70304043241480/variables" for 127.0.0.1 at 2013-05-30 18:14:04 +0200


Started GET "/" for 127.0.0.1 at 2013-05-30 18:14:35 +0200

AbstractController::ActionNotFound - The action 'index' could not be found for PagesController:
  actionpack (4.0.0.rc1) lib/abstract_controller/base.rb:131:in `process'
  actionpack (4.0.0.rc1) lib/abstract_controller/rendering.rb:44:in `process'
  actionpack (4.0.0.rc1) lib/action_controller/metal.rb:195:in `dispatch'
  actionpack (4.0.0.rc1) lib/action_controller/metal/rack_delegation.rb:13:in `dispatch'
  actionpack (4.0.0.rc1) lib/action_controller/metal.rb:231:in `block in action'
  actionpack (4.0.0.rc1) lib/action_dispatch/routing/route_set.rb:80:in `call'
  actionpack (4.0.0.rc1) lib/action_dispatch/routing/route_set.rb:80:in `dispatch'
  actionpack (4.0.0.rc1) lib/action_dispatch/routing/route_set.rb:48:in `call'
  actionpack (4.0.0.rc1) lib/action_dispatch/journey/router.rb:71:in `block in call'
  actionpack (4.0.0.rc1) lib/action_dispatch/journey/router.rb:59:in `each'
  actionpack (4.0.0.rc1) lib/action_dispatch/journey/router.rb:59:in `call'
  actionpack (4.0.0.rc1) lib/action_dispatch/routing/route_set.rb:654:in `call'
  rack (1.5.2) lib/rack/etag.rb:23:in `call'
  rack (1.5.2) lib/rack/conditionalget.rb:25:in `call'
  rack (1.5.2) lib/rack/head.rb:11:in `call'
  actionpack (4.0.0.rc1) lib/action_dispatch/middleware/params_parser.rb:27:in `call'
  actionpack (4.0.0.rc1) lib/action_dispatch/middleware/flash.rb:241:in `call'
  rack (1.5.2) lib/rack/session/abstract/id.rb:225:in `context'
  rack (1.5.2) lib/rack/session/abstract/id.rb:220:in `call'
  actionpack (4.0.0.rc1) lib/action_dispatch/middleware/cookies.rb:486:in `call'
  activerecord (4.0.0.rc1) lib/active_record/query_cache.rb:36:in `call'
  activerecord (4.0.0.rc1) lib/active_record/connection_adapters/abstract/connection_pool.rb:626:in `call'
  activerecord (4.0.0.rc1) lib/active_record/migration.rb:366:in `call'
  actionpack (4.0.0.rc1) lib/action_dispatch/middleware/callbacks.rb:29:in `block in call'
  activesupport (4.0.0.rc1) lib/active_support/callbacks.rb:392:in `_run__1658540880895400892__call__callbacks'
  activesupport (4.0.0.rc1) lib/active_support/callbacks.rb:80:in `run_callbacks'
  actionpack (4.0.0.rc1) lib/action_dispatch/middleware/callbacks.rb:27:in `call'
  actionpack (4.0.0.rc1) lib/action_dispatch/middleware/reloader.rb:64:in `call'
  actionpack (4.0.0.rc1) lib/action_dispatch/middleware/remote_ip.rb:76:in `call'
  better_errors (0.9.0) lib/better_errors/middleware.rb:84:in `protected_app_call'
  better_errors (0.9.0) lib/better_errors/middleware.rb:79:in `better_errors_call'
  better_errors (0.9.0) lib/better_errors/middleware.rb:56:in `call'
  actionpack (4.0.0.rc1) lib/action_dispatch/middleware/debug_exceptions.rb:17:in `call'
  actionpack (4.0.0.rc1) lib/action_dispatch/middleware/show_exceptions.rb:30:in `call'
  railties (4.0.0.rc1) lib/rails/rack/logger.rb:38:in `call_app'
  railties (4.0.0.rc1) lib/rails/rack/logger.rb:21:in `block in call'
  activesupport (4.0.0.rc1) lib/active_support/tagged_logging.rb:67:in `block in tagged'
  activesupport (4.0.0.rc1) lib/active_support/tagged_logging.rb:25:in `tagged'
  activesupport (4.0.0.rc1) lib/active_support/tagged_logging.rb:67:in `tagged'
  railties (4.0.0.rc1) lib/rails/rack/logger.rb:21:in `call'
  actionpack (4.0.0.rc1) lib/action_dispatch/middleware/request_id.rb:21:in `call'
  rack (1.5.2) lib/rack/methodoverride.rb:21:in `call'
  rack (1.5.2) lib/rack/runtime.rb:17:in `call'
  activesupport (4.0.0.rc1) lib/active_support/cache/strategy/local_cache.rb:83:in `call'
  rack (1.5.2) lib/rack/lock.rb:17:in `call'
  actionpack (4.0.0.rc1) lib/action_dispatch/middleware/static.rb:64:in `call'
  railties (4.0.0.rc1) lib/rails/engine.rb:511:in `call'
  railties (4.0.0.rc1) lib/rails/application.rb:96:in `call'
  rack (1.5.2) lib/rack/lock.rb:17:in `call'
  rack (1.5.2) lib/rack/content_length.rb:14:in `call'
  rack (1.5.2) lib/rack/handler/webrick.rb:60:in `service'
  /Users/carstenbokemeyer/.rvm/rubies/ruby-2.0.0-p195/lib/ruby/2.0.0/webrick/httpserver.rb:138:in `service'
  /Users/carstenbokemeyer/.rvm/rubies/ruby-2.0.0-p195/lib/ruby/2.0.0/webrick/httpserver.rb:94:in `run'
  /Users/carstenbokemeyer/.rvm/rubies/ruby-2.0.0-p195/lib/ruby/2.0.0/webrick/server.rb:295:in `block in start_thread'



Started POST "/__better_errors/70304033329540/variables" for 127.0.0.1 at 2013-05-30 18:14:35 +0200


Started GET "/" for 127.0.0.1 at 2013-05-30 18:15:00 +0200
Processing by PagesController#index as HTML
Completed 500 Internal Server Error in 8ms

ActionView::MissingTemplate - Missing template pages/index, application/index with {:locale=>[:en], :formats=>[:html], :handlers=>[:erb, :builder, :raw, :ruby, :jbuilder, :coffee]}. Searched in:
  * "/Users/carstenbokemeyer/code/NerdCounter/app/views"
:
  actionpack (4.0.0.rc1) lib/action_view/path_set.rb:46:in `find'
  actionpack (4.0.0.rc1) lib/action_view/lookup_context.rb:114:in `find'
  actionpack (4.0.0.rc1) lib/action_view/renderer/abstract_renderer.rb:18:in `find_template'
  actionpack (4.0.0.rc1) lib/action_view/renderer/template_renderer.rb:35:in `determine_template'
  actionpack (4.0.0.rc1) lib/action_view/renderer/template_renderer.rb:8:in `render'
  actionpack (4.0.0.rc1) lib/action_view/renderer/renderer.rb:42:in `render_template'
  actionpack (4.0.0.rc1) lib/action_view/renderer/renderer.rb:23:in `render'
  actionpack (4.0.0.rc1) lib/abstract_controller/rendering.rb:127:in `_render_template'
  actionpack (4.0.0.rc1) lib/action_controller/metal/streaming.rb:219:in `_render_template'
  actionpack (4.0.0.rc1) lib/abstract_controller/rendering.rb:120:in `render_to_body'
  actionpack (4.0.0.rc1) lib/action_controller/metal/rendering.rb:33:in `render_to_body'
  actionpack (4.0.0.rc1) lib/action_controller/metal/renderers.rb:26:in `render_to_body'
  actionpack (4.0.0.rc1) lib/abstract_controller/rendering.rb:97:in `render'
  actionpack (4.0.0.rc1) lib/action_controller/metal/rendering.rb:16:in `render'
  actionpack (4.0.0.rc1) lib/action_controller/metal/instrumentation.rb:41:in `block (2 levels) in render'
  activesupport (4.0.0.rc1) lib/active_support/core_ext/benchmark.rb:12:in `block in ms'
  /Users/carstenbokemeyer/.rvm/rubies/ruby-2.0.0-p195/lib/ruby/2.0.0/benchmark.rb:296:in `realtime'
  activesupport (4.0.0.rc1) lib/active_support/core_ext/benchmark.rb:12:in `ms'
  actionpack (4.0.0.rc1) lib/action_controller/metal/instrumentation.rb:41:in `block in render'
  actionpack (4.0.0.rc1) lib/action_controller/metal/instrumentation.rb:84:in `cleanup_view_runtime'
  activerecord (4.0.0.rc1) lib/active_record/railties/controller_runtime.rb:25:in `cleanup_view_runtime'
  actionpack (4.0.0.rc1) lib/action_controller/metal/instrumentation.rb:40:in `render'
  actionpack (4.0.0.rc1) lib/action_controller/metal/implicit_render.rb:10:in `default_render'
  actionpack (4.0.0.rc1) lib/action_controller/metal/implicit_render.rb:5:in `send_action'
  actionpack (4.0.0.rc1) lib/abstract_controller/base.rb:189:in `process_action'
  actionpack (4.0.0.rc1) lib/action_controller/metal/rendering.rb:10:in `process_action'
  actionpack (4.0.0.rc1) lib/abstract_controller/callbacks.rb:18:in `block in process_action'
  activesupport (4.0.0.rc1) lib/active_support/callbacks.rb:422:in `_run__4378615219998555488__process_action__callbacks'
  activesupport (4.0.0.rc1) lib/active_support/callbacks.rb:80:in `run_callbacks'
  actionpack (4.0.0.rc1) lib/abstract_controller/callbacks.rb:17:in `process_action'
  actionpack (4.0.0.rc1) lib/action_controller/metal/rescue.rb:29:in `process_action'
  actionpack (4.0.0.rc1) lib/action_controller/metal/instrumentation.rb:31:in `block in process_action'
  activesupport (4.0.0.rc1) lib/active_support/notifications.rb:159:in `block in instrument'
  activesupport (4.0.0.rc1) lib/active_support/notifications/instrumenter.rb:20:in `instrument'
  activesupport (4.0.0.rc1) lib/active_support/notifications.rb:159:in `instrument'
  actionpack (4.0.0.rc1) lib/action_controller/metal/instrumentation.rb:30:in `process_action'
  actionpack (4.0.0.rc1) lib/action_controller/metal/params_wrapper.rb:245:in `process_action'
  activerecord (4.0.0.rc1) lib/active_record/railties/controller_runtime.rb:18:in `process_action'
  actionpack (4.0.0.rc1) lib/abstract_controller/base.rb:136:in `process'
  actionpack (4.0.0.rc1) lib/abstract_controller/rendering.rb:44:in `process'
  actionpack (4.0.0.rc1) lib/action_controller/metal.rb:195:in `dispatch'
  actionpack (4.0.0.rc1) lib/action_controller/metal/rack_delegation.rb:13:in `dispatch'
  actionpack (4.0.0.rc1) lib/action_controller/metal.rb:231:in `block in action'
  actionpack (4.0.0.rc1) lib/action_dispatch/routing/route_set.rb:80:in `call'
  actionpack (4.0.0.rc1) lib/action_dispatch/routing/route_set.rb:80:in `dispatch'
  actionpack (4.0.0.rc1) lib/action_dispatch/routing/route_set.rb:48:in `call'
  actionpack (4.0.0.rc1) lib/action_dispatch/journey/router.rb:71:in `block in call'
  actionpack (4.0.0.rc1) lib/action_dispatch/journey/router.rb:59:in `each'
  actionpack (4.0.0.rc1) lib/action_dispatch/journey/router.rb:59:in `call'
  actionpack (4.0.0.rc1) lib/action_dispatch/routing/route_set.rb:654:in `call'
  rack (1.5.2) lib/rack/etag.rb:23:in `call'
  rack (1.5.2) lib/rack/conditionalget.rb:25:in `call'
  rack (1.5.2) lib/rack/head.rb:11:in `call'
  actionpack (4.0.0.rc1) lib/action_dispatch/middleware/params_parser.rb:27:in `call'
  actionpack (4.0.0.rc1) lib/action_dispatch/middleware/flash.rb:241:in `call'
  rack (1.5.2) lib/rack/session/abstract/id.rb:225:in `context'
  rack (1.5.2) lib/rack/session/abstract/id.rb:220:in `call'
  actionpack (4.0.0.rc1) lib/action_dispatch/middleware/cookies.rb:486:in `call'
  activerecord (4.0.0.rc1) lib/active_record/query_cache.rb:36:in `call'
  activerecord (4.0.0.rc1) lib/active_record/connection_adapters/abstract/connection_pool.rb:626:in `call'
  activerecord (4.0.0.rc1) lib/active_record/migration.rb:366:in `call'
  actionpack (4.0.0.rc1) lib/action_dispatch/middleware/callbacks.rb:29:in `block in call'
  activesupport (4.0.0.rc1) lib/active_support/callbacks.rb:392:in `_run__1658540880895400892__call__callbacks'
  activesupport (4.0.0.rc1) lib/active_support/callbacks.rb:80:in `run_callbacks'
  actionpack (4.0.0.rc1) lib/action_dispatch/middleware/callbacks.rb:27:in `call'
  actionpack (4.0.0.rc1) lib/action_dispatch/middleware/reloader.rb:64:in `call'
  actionpack (4.0.0.rc1) lib/action_dispatch/middleware/remote_ip.rb:76:in `call'
  better_errors (0.9.0) lib/better_errors/middleware.rb:84:in `protected_app_call'
  better_errors (0.9.0) lib/better_errors/middleware.rb:79:in `better_errors_call'
  better_errors (0.9.0) lib/better_errors/middleware.rb:56:in `call'
  actionpack (4.0.0.rc1) lib/action_dispatch/middleware/debug_exceptions.rb:17:in `call'
  actionpack (4.0.0.rc1) lib/action_dispatch/middleware/show_exceptions.rb:30:in `call'
  railties (4.0.0.rc1) lib/rails/rack/logger.rb:38:in `call_app'
  railties (4.0.0.rc1) lib/rails/rack/logger.rb:21:in `block in call'
  activesupport (4.0.0.rc1) lib/active_support/tagged_logging.rb:67:in `block in tagged'
  activesupport (4.0.0.rc1) lib/active_support/tagged_logging.rb:25:in `tagged'
  activesupport (4.0.0.rc1) lib/active_support/tagged_logging.rb:67:in `tagged'
  railties (4.0.0.rc1) lib/rails/rack/logger.rb:21:in `call'
  actionpack (4.0.0.rc1) lib/action_dispatch/middleware/request_id.rb:21:in `call'
  rack (1.5.2) lib/rack/methodoverride.rb:21:in `call'
  rack (1.5.2) lib/rack/runtime.rb:17:in `call'
  activesupport (4.0.0.rc1) lib/active_support/cache/strategy/local_cache.rb:83:in `call'
  rack (1.5.2) lib/rack/lock.rb:17:in `call'
  actionpack (4.0.0.rc1) lib/action_dispatch/middleware/static.rb:64:in `call'
  railties (4.0.0.rc1) lib/rails/engine.rb:511:in `call'
  railties (4.0.0.rc1) lib/rails/application.rb:96:in `call'
  rack (1.5.2) lib/rack/lock.rb:17:in `call'
  rack (1.5.2) lib/rack/content_length.rb:14:in `call'
  rack (1.5.2) lib/rack/handler/webrick.rb:60:in `service'
  /Users/carstenbokemeyer/.rvm/rubies/ruby-2.0.0-p195/lib/ruby/2.0.0/webrick/httpserver.rb:138:in `service'
  /Users/carstenbokemeyer/.rvm/rubies/ruby-2.0.0-p195/lib/ruby/2.0.0/webrick/httpserver.rb:94:in `run'
  /Users/carstenbokemeyer/.rvm/rubies/ruby-2.0.0-p195/lib/ruby/2.0.0/webrick/server.rb:295:in `block in start_thread'



Started POST "/__better_errors/70304043041980/variables" for 127.0.0.1 at 2013-05-30 18:15:00 +0200


Started GET "/" for 127.0.0.1 at 2013-05-30 18:22:21 +0200
Processing by PagesController#index as HTML
  Rendered pages/index.html.haml within layouts/application (2.3ms)
Completed 200 OK in 542ms (Views: 541.4ms | ActiveRecord: 0.0ms)


Started GET "/assets/application.css?body=1" for 127.0.0.1 at 2013-05-30 18:22:22 +0200


Started GET "/assets/jquery.js?body=1" for 127.0.0.1 at 2013-05-30 18:22:22 +0200


Started GET "/assets/jquery_ujs.js?body=1" for 127.0.0.1 at 2013-05-30 18:22:22 +0200


Started GET "/assets/application.js?body=1" for 127.0.0.1 at 2013-05-30 18:22:22 +0200


Started GET "/assets/turbolinks.js?body=1" for 127.0.0.1 at 2013-05-30 18:22:22 +0200
